2026-04-07 07:24:22,076 - aqt.main - INFO - installer 129168700903552 aqtinstall(aqt) v3.3.0 on Python 3.12.3 [CPython GCC 13.3.0]
2026-04-07 07:24:22,077 - aqt.helper - DEBUG - helper 129168700903552 Attempt to download checksum at https://download.qt.io/online/qtsdkrepository/linux_x64/desktop/qt6_682/qt6_682/Updates.xml.sha256
2026-04-07 07:24:22,585 - aqt.helper - DEBUG - helper 129168700903552 Attempt to download checksum at https://download.qt.io/online/qtsdkrepository/linux_x64/extensions/qtwebengine/682/x86_64/Updates.xml.sha256
2026-04-07 07:24:23,064 - aqt.archives - INFO - archives 129168700903552 Found extension qtwebengine
2026-04-07 07:24:23,064 - aqt.helper - DEBUG - helper 129168700903552 Attempt to download checksum at https://download.qt.io/online/qtsdkrepository/linux_x64/extensions/qtpdf/682/x86_64/Updates.xml.sha256
2026-04-07 07:24:23,509 - aqt.archives - INFO - archives 129168700903552 Found extension qtpdf
2026-04-07 07:24:23,746 - aqt.helper - DEBUG - helper 134838690898048 Attempt to download checksum at https://download.qt.io/online/qtsdkrepository/linux_x64/desktop/qt6_682/qt6_682/qt.qt6.682.linux_gcc_64/6.8.2-0-202501260838qtbase-Linux-RHEL_8_10-GCC-Linux-RHEL_8_10-X86_64.7z.sha256
2026-04-07 07:24:23,746 - aqt.helper - DEBUG - helper 125763997036672 Attempt to download checksum at https://download.qt.io/online/qtsdkrepository/linux_x64/desktop/qt6_682/qt6_682/qt.qt6.682.linux_gcc_64/6.8.2-0-202501260838qtsvg-Linux-RHEL_8_10-GCC-Linux-RHEL_8_10-X86_64.7z.sha256
2026-04-07 07:24:23,758 - aqt.helper - DEBUG - helper 132677477544064 Attempt to download checksum at https://download.qt.io/online/qtsdkrepository/linux_x64/desktop/qt6_682/qt6_682/qt.qt6.682.linux_gcc_64/6.8.2-0-202501260838qttools-Linux-RHEL_8_10-GCC-Linux-RHEL_8_10-X86_64.7z.sha256
2026-04-07 07:24:23,758 - aqt.helper - DEBUG - helper 133028562186368 Attempt to download checksum at https://download.qt.io/online/qtsdkrepository/linux_x64/desktop/qt6_682/qt6_682/qt.qt6.682.linux_gcc_64/6.8.2-0-202501260838qtdeclarative-Linux-RHEL_8_10-GCC-Linux-RHEL_8_10-X86_64.7z.sha256
2026-04-07 07:24:23,971 - aqt.helper - INFO - helper 134838690898048 Downloading qtbase...
2026-04-07 07:24:23,972 - aqt.installer - DEBUG - installer 134838690898048 Download URL: https://download.qt.io/online/qtsdkrepository/linux_x64/desktop/qt6_682/qt6_682/qt.qt6.682.linux_gcc_64/6.8.2-0-202501260838qtbase-Linux-RHEL_8_10-GCC-Linux-RHEL_8_10-X86_64.7z
2026-04-07 07:24:23,976 - aqt.helper - INFO - helper 132677477544064 Downloading qttools...
2026-04-07 07:24:23,976 - aqt.installer - DEBUG - installer 132677477544064 Download URL: https://download.qt.io/online/qtsdkrepository/linux_x64/desktop/qt6_682/qt6_682/qt.qt6.682.linux_gcc_64/6.8.2-0-202501260838qttools-Linux-RHEL_8_10-GCC-Linux-RHEL_8_10-X86_64.7z
2026-04-07 07:24:23,980 - aqt.helper - INFO - helper 133028562186368 Downloading qtdeclarative...
2026-04-07 07:24:23,981 - aqt.installer - DEBUG - installer 133028562186368 Download URL: https://download.qt.io/online/qtsdkrepository/linux_x64/desktop/qt6_682/qt6_682/qt.qt6.682.linux_gcc_64/6.8.2-0-202501260838qtdeclarative-Linux-RHEL_8_10-GCC-Linux-RHEL_8_10-X86_64.7z
2026-04-07 07:24:23,983 - aqt.helper - INFO - helper 125763997036672 Downloading qtsvg...
2026-04-07 07:24:23,983 - aqt.installer - DEBUG - installer 125763997036672 Download URL: https://download.qt.io/online/qtsdkrepository/linux_x64/desktop/qt6_682/qt6_682/qt.qt6.682.linux_gcc_64/6.8.2-0-202501260838qtsvg-Linux-RHEL_8_10-GCC-Linux-RHEL_8_10-X86_64.7z
2026-04-07 07:24:24,195 - aqt.helper - DEBUG - helper 132677477544064 Asked to redirect(302) to: https://mirrors.20i.com/pub/qt.io/online/qtsdkrepository/linux_x64/desktop/qt6_682/qt6_682/qt.qt6.682.linux_gcc_64/6.8.2-0-202501260838qttools-Linux-RHEL_8_10-GCC-Linux-RHEL_8_10-X86_64.7z
2026-04-07 07:24:24,195 - aqt.helper - DEBUG - helper 134838690898048 Asked to redirect(302) to: https://mirrors.20i.com/pub/qt.io/online/qtsdkrepository/linux_x64/desktop/qt6_682/qt6_682/qt.qt6.682.linux_gcc_64/6.8.2-0-202501260838qtbase-Linux-RHEL_8_10-GCC-Linux-RHEL_8_10-X86_64.7z
2026-04-07 07:24:24,195 - aqt.helper - INFO - helper 132677477544064 Redirected: mirrors.20i.com
2026-04-07 07:24:24,195 - aqt.helper - DEBUG - helper 133028562186368 Asked to redirect(302) to: https://mirrors.20i.com/pub/qt.io/online/qtsdkrepository/linux_x64/desktop/qt6_682/qt6_682/qt.qt6.682.linux_gcc_64/6.8.2-0-202501260838qtdeclarative-Linux-RHEL_8_10-GCC-Linux-RHEL_8_10-X86_64.7z
2026-04-07 07:24:24,195 - aqt.helper - INFO - helper 134838690898048 Redirected: mirrors.20i.com
2026-04-07 07:24:24,195 - aqt.helper - INFO - helper 133028562186368 Redirected: mirrors.20i.com
2026-04-07 07:24:24,200 - aqt.helper - DEBUG - helper 125763997036672 Asked to redirect(302) to: https://mirrors.20i.com/pub/qt.io/online/qtsdkrepository/linux_x64/desktop/qt6_682/qt6_682/qt.qt6.682.linux_gcc_64/6.8.2-0-202501260838qtsvg-Linux-RHEL_8_10-GCC-Linux-RHEL_8_10-X86_64.7z
2026-04-07 07:24:24,200 - aqt.helper - INFO - helper 125763997036672 Redirected: mirrors.20i.com
2026-04-07 07:24:24,456 - aqt.installer - INFO - installer 125763997036672 Finished installation of qtsvg-Linux-RHEL_8_10-GCC-Linux-RHEL_8_10-X86_64.7z in 0.72422035
2026-04-07 07:24:24,485 - aqt.helper - DEBUG - helper 125763997036672 Attempt to download checksum at https://download.qt.io/online/qtsdkrepository/linux_x64/desktop/qt6_682/qt6_682/qt.qt6.682.linux_gcc_64/6.8.2-0-202501260838qttranslations-Linux-RHEL_8_10-GCC-Linux-RHEL_8_10-X86_64.7z.sha256
2026-04-07 07:24:24,727 - aqt.helper - INFO - helper 125763997036672 Downloading qttranslations...
2026-04-07 07:24:24,728 - aqt.installer - DEBUG - installer 125763997036672 Download URL: https://download.qt.io/online/qtsdkrepository/linux_x64/desktop/qt6_682/qt6_682/qt.qt6.682.linux_gcc_64/6.8.2-0-202501260838qttranslations-Linux-RHEL_8_10-GCC-Linux-RHEL_8_10-X86_64.7z
2026-04-07 07:24:24,955 - aqt.helper - DEBUG - helper 125763997036672 Asked to redirect(302) to: https://mirrors.20i.com/pub/qt.io/online/qtsdkrepository/linux_x64/desktop/qt6_682/qt6_682/qt.qt6.682.linux_gcc_64/6.8.2-0-202501260838qttranslations-Linux-RHEL_8_10-GCC-Linux-RHEL_8_10-X86_64.7z
2026-04-07 07:24:24,955 - aqt.helper - INFO - helper 125763997036672 Redirected: mirrors.20i.com
2026-04-07 07:24:25,365 - aqt.installer - INFO - installer 125763997036672 Finished installation of qttranslations-Linux-RHEL_8_10-GCC-Linux-RHEL_8_10-X86_64.7z in 0.89724293
2026-04-07 07:24:25,394 - aqt.helper - DEBUG - helper 125763997036672 Attempt to download checksum at https://download.qt.io/online/qtsdkrepository/linux_x64/desktop/qt6_682/qt6_682/qt.qt6.682.linux_gcc_64/6.8.2-0-202501260838qtwayland-Linux-RHEL_8_10-GCC-Linux-RHEL_8_10-X86_64.7z.sha256
2026-04-07 07:24:25,627 - aqt.helper - INFO - helper 125763997036672 Downloading qtwayland...
2026-04-07 07:24:25,627 - aqt.installer - DEBUG - installer 125763997036672 Download URL: https://download.qt.io/online/qtsdkrepository/linux_x64/desktop/qt6_682/qt6_682/qt.qt6.682.linux_gcc_64/6.8.2-0-202501260838qtwayland-Linux-RHEL_8_10-GCC-Linux-RHEL_8_10-X86_64.7z
2026-04-07 07:24:25,865 - aqt.helper - DEBUG - helper 125763997036672 Asked to redirect(302) to: https://mirrors.20i.com/pub/qt.io/online/qtsdkrepository/linux_x64/desktop/qt6_682/qt6_682/qt.qt6.682.linux_gcc_64/6.8.2-0-202501260838qtwayland-Linux-RHEL_8_10-GCC-Linux-RHEL_8_10-X86_64.7z
2026-04-07 07:24:25,866 - aqt.helper - INFO - helper 125763997036672 Redirected: mirrors.20i.com
2026-04-07 07:24:26,190 - aqt.installer - INFO - installer 125763997036672 Finished installation of qtwayland-Linux-RHEL_8_10-GCC-Linux-RHEL_8_10-X86_64.7z in 0.81152916
2026-04-07 07:24:26,218 - aqt.helper - DEBUG - helper 125763997036672 Attempt to download checksum at https://download.qt.io/online/qtsdkrepository/linux_x64/desktop/qt6_682/qt6_682/qt.qt6.682.linux_gcc_64/6.8.2-0-202501260838icu-linux-Rhel8.6-x86_64.7z.sha256
2026-04-07 07:24:26,449 - aqt.helper - INFO - helper 125763997036672 Downloading icu...
2026-04-07 07:24:26,450 - aqt.installer - DEBUG - installer 125763997036672 Download URL: https://download.qt.io/online/qtsdkrepository/linux_x64/desktop/qt6_682/qt6_682/qt.qt6.682.linux_gcc_64/6.8.2-0-202501260838icu-linux-Rhel8.6-x86_64.7z
2026-04-07 07:24:26,676 - aqt.helper - DEBUG - helper 125763997036672 Asked to redirect(302) to: https://mirrors.20i.com/pub/qt.io/online/qtsdkrepository/linux_x64/desktop/qt6_682/qt6_682/qt.qt6.682.linux_gcc_64/6.8.2-0-202501260838icu-linux-Rhel8.6-x86_64.7z
2026-04-07 07:24:26,677 - aqt.helper - INFO - helper 125763997036672 Redirected: mirrors.20i.com
2026-04-07 07:24:27,523 - aqt.installer - INFO - installer 125763997036672 Finished installation of icu-linux-Rhel8.6-x86_64.7z in 1.32167643
2026-04-07 07:24:27,773 - aqt.installer - INFO - installer 134838690898048 Finished installation of qtbase-Linux-RHEL_8_10-GCC-Linux-RHEL_8_10-X86_64.7z in 4.04426427
2026-04-07 07:24:28,434 - aqt.installer - INFO - installer 132677477544064 Finished installation of qttools-Linux-RHEL_8_10-GCC-Linux-RHEL_8_10-X86_64.7z in 4.68673100
2026-04-07 07:24:44,097 - aqt.installer - INFO - installer 133028562186368 Finished installation of qtdeclarative-Linux-RHEL_8_10-GCC-Linux-RHEL_8_10-X86_64.7z in 20.34965287
2026-04-07 07:24:44,202 - aqt.updater - INFO - updater 129168700903552 Patching /home/fabian/Qt/6.8.2/gcc_64/bin/qmake
2026-04-07 07:24:44,206 - aqt.updater - INFO - updater 129168700903552 Patching /home/fabian/Qt/6.8.2/gcc_64/lib/pkgconfig/Qt6QuickControls2ImagineStyleImpl.pc
2026-04-07 07:24:44,207 - aqt.updater - INFO - updater 129168700903552 Patching /home/fabian/Qt/6.8.2/gcc_64/lib/pkgconfig/Qt6QuickControls2Imagine.pc
2026-04-07 07:24:44,207 - aqt.updater - INFO - updater 129168700903552 Patching /home/fabian/Qt/6.8.2/gcc_64/lib/pkgconfig/Qt6QuickTemplates2.pc
2026-04-07 07:24:44,207 - aqt.updater - INFO - updater 129168700903552 Patching /home/fabian/Qt/6.8.2/gcc_64/lib/pkgconfig/Qt6QuickDialogs2QuickImpl.pc
2026-04-07 07:24:44,208 - aqt.updater - INFO - updater 129168700903552 Patching /home/fabian/Qt/6.8.2/gcc_64/lib/pkgconfig/Qt6Core.pc
2026-04-07 07:24:44,208 - aqt.updater - INFO - updater 129168700903552 Patching /home/fabian/Qt/6.8.2/gcc_64/lib/pkgconfig/Qt6QmlAssetDownloader.pc
2026-04-07 07:24:44,208 - aqt.updater - INFO - updater 129168700903552 Patching /home/fabian/Qt/6.8.2/gcc_64/lib/pkgconfig/Qt6QuickVectorImage.pc
2026-04-07 07:24:44,209 - aqt.updater - INFO - updater 129168700903552 Patching /home/fabian/Qt/6.8.2/gcc_64/lib/pkgconfig/Qt6QuickControls2Basic.pc
2026-04-07 07:24:44,209 - aqt.updater - INFO - updater 129168700903552 Patching /home/fabian/Qt/6.8.2/gcc_64/lib/pkgconfig/Qt6QuickControls2FusionStyleImpl.pc
2026-04-07 07:24:44,209 - aqt.updater - INFO - updater 129168700903552 Patching /home/fabian/Qt/6.8.2/gcc_64/lib/pkgconfig/Qt6QuickControls2FluentWinUI3StyleImpl.pc
2026-04-07 07:24:44,210 - aqt.updater - INFO - updater 129168700903552 Patching /home/fabian/Qt/6.8.2/gcc_64/lib/pkgconfig/Qt6Qml.pc
2026-04-07 07:24:44,210 - aqt.updater - INFO - updater 129168700903552 Patching /home/fabian/Qt/6.8.2/gcc_64/lib/pkgconfig/Qt6QuickControls2BasicStyleImpl.pc
2026-04-07 07:24:44,210 - aqt.updater - INFO - updater 129168700903552 Patching /home/fabian/Qt/6.8.2/gcc_64/lib/pkgconfig/Qt6QmlXmlListModel.pc
2026-04-07 07:24:44,211 - aqt.updater - INFO - updater 129168700903552 Patching /home/fabian/Qt/6.8.2/gcc_64/lib/pkgconfig/Qt6QmlLocalStorage.pc
2026-04-07 07:24:44,211 - aqt.updater - INFO - updater 129168700903552 Patching /home/fabian/Qt/6.8.2/gcc_64/lib/pkgconfig/Qt6QmlNetwork.pc
2026-04-07 07:24:44,211 - aqt.updater - INFO - updater 129168700903552 Patching /home/fabian/Qt/6.8.2/gcc_64/lib/pkgconfig/Qt6LabsAnimation.pc
2026-04-07 07:24:44,212 - aqt.updater - INFO - updater 129168700903552 Patching /home/fabian/Qt/6.8.2/gcc_64/lib/pkgconfig/Qt6LabsFolderListModel.pc
2026-04-07 07:24:44,212 - aqt.updater - INFO - updater 129168700903552 Patching /home/fabian/Qt/6.8.2/gcc_64/lib/pkgconfig/Qt6Help.pc
2026-04-07 07:24:44,212 - aqt.updater - INFO - updater 129168700903552 Patching /home/fabian/Qt/6.8.2/gcc_64/lib/pkgconfig/Qt6QuickWidgets.pc
2026-04-07 07:24:44,213 - aqt.updater - INFO - updater 129168700903552 Patching /home/fabian/Qt/6.8.2/gcc_64/lib/pkgconfig/Qt6QuickControls2Fusion.pc
2026-04-07 07:24:44,213 - aqt.updater - INFO - updater 129168700903552 Patching /home/fabian/Qt/6.8.2/gcc_64/lib/pkgconfig/Qt6LabsPlatform.pc
2026-04-07 07:24:44,213 - aqt.updater - INFO - updater 129168700903552 Patching /home/fabian/Qt/6.8.2/gcc_64/lib/pkgconfig/Qt6LabsSettings.pc
2026-04-07 07:24:44,213 - aqt.updater - INFO - updater 129168700903552 Patching /home/fabian/Qt/6.8.2/gcc_64/lib/pkgconfig/Qt6UiTools.pc
2026-04-07 07:24:44,214 - aqt.updater - INFO - updater 129168700903552 Patching /home/fabian/Qt/6.8.2/gcc_64/lib/pkgconfig/Qt6QuickControls2.pc
2026-04-07 07:24:44,214 - aqt.updater - INFO - updater 129168700903552 Patching /home/fabian/Qt/6.8.2/gcc_64/lib/pkgconfig/Qt6Test.pc
2026-04-07 07:24:44,214 - aqt.updater - INFO - updater 129168700903552 Patching /home/fabian/Qt/6.8.2/gcc_64/lib/pkgconfig/Qt6Widgets.pc
2026-04-07 07:24:44,215 - aqt.updater - INFO - updater 129168700903552 Patching /home/fabian/Qt/6.8.2/gcc_64/lib/pkgconfig/Qt6QuickControls2Impl.pc
2026-04-07 07:24:44,215 - aqt.updater - INFO - updater 129168700903552 Patching /home/fabian/Qt/6.8.2/gcc_64/lib/pkgconfig/Qt6PrintSupport.pc
2026-04-07 07:24:44,215 - aqt.updater - INFO - updater 129168700903552 Patching /home/fabian/Qt/6.8.2/gcc_64/lib/pkgconfig/Qt6QmlModels.pc
2026-04-07 07:24:44,215 - aqt.updater - INFO - updater 129168700903552 Patching /home/fabian/Qt/6.8.2/gcc_64/lib/pkgconfig/Qt6Svg.pc
2026-04-07 07:24:44,216 - aqt.updater - INFO - updater 129168700903552 Patching /home/fabian/Qt/6.8.2/gcc_64/lib/pkgconfig/Qt6QmlIntegration.pc
2026-04-07 07:24:44,216 - aqt.updater - INFO - updater 129168700903552 Patching /home/fabian/Qt/6.8.2/gcc_64/lib/pkgconfig/Qt6QuickLayouts.pc
2026-04-07 07:24:44,216 - aqt.updater - INFO - updater 129168700903552 Patching /home/fabian/Qt/6.8.2/gcc_64/lib/pkgconfig/Qt6UiPlugin.pc
2026-04-07 07:24:44,217 - aqt.updater - INFO - updater 129168700903552 Patching /home/fabian/Qt/6.8.2/gcc_64/lib/pkgconfig/Qt6WaylandClient.pc
2026-04-07 07:24:44,217 - aqt.updater - INFO - updater 129168700903552 Patching /home/fabian/Qt/6.8.2/gcc_64/lib/pkgconfig/Qt6QmlWorkerScript.pc
2026-04-07 07:24:44,217 - aqt.updater - INFO - updater 129168700903552 Patching /home/fabian/Qt/6.8.2/gcc_64/lib/pkgconfig/Qt6LabsQmlModels.pc
2026-04-07 07:24:44,217 - aqt.updater - INFO - updater 129168700903552 Patching /home/fabian/Qt/6.8.2/gcc_64/lib/pkgconfig/Qt6Xml.pc
2026-04-07 07:24:44,218 - aqt.updater - INFO - updater 129168700903552 Patching /home/fabian/Qt/6.8.2/gcc_64/lib/pkgconfig/Qt6Quick.pc
2026-04-07 07:24:44,218 - aqt.updater - INFO - updater 129168700903552 Patching /home/fabian/Qt/6.8.2/gcc_64/lib/pkgconfig/Qt6QuickControls2Material.pc
2026-04-07 07:24:44,219 - aqt.updater - INFO - updater 129168700903552 Patching /home/fabian/Qt/6.8.2/gcc_64/lib/pkgconfig/Qt6QmlMeta.pc
2026-04-07 07:24:44,219 - aqt.updater - INFO - updater 129168700903552 Patching /home/fabian/Qt/6.8.2/gcc_64/lib/pkgconfig/Qt6LabsWavefrontMesh.pc
2026-04-07 07:24:44,219 - aqt.updater - INFO - updater 129168700903552 Patching /home/fabian/Qt/6.8.2/gcc_64/lib/pkgconfig/Qt6DBus.pc
2026-04-07 07:24:44,219 - aqt.updater - INFO - updater 129168700903552 Patching /home/fabian/Qt/6.8.2/gcc_64/lib/pkgconfig/Qt6Linguist.pc
2026-04-07 07:24:44,220 - aqt.updater - INFO - updater 129168700903552 Patching /home/fabian/Qt/6.8.2/gcc_64/lib/pkgconfig/Qt6Network.pc
2026-04-07 07:24:44,221 - aqt.updater - INFO - updater 129168700903552 Patching /home/fabian/Qt/6.8.2/gcc_64/lib/pkgconfig/Qt6OpenGL.pc
2026-04-07 07:24:44,221 - aqt.updater - INFO - updater 129168700903552 Patching /home/fabian/Qt/6.8.2/gcc_64/lib/pkgconfig/Qt6LabsSharedImage.pc
2026-04-07 07:24:44,221 - aqt.updater - INFO - updater 129168700903552 Patching /home/fabian/Qt/6.8.2/gcc_64/lib/pkgconfig/Qt6Platform.pc
2026-04-07 07:24:44,222 - aqt.updater - INFO - updater 129168700903552 Patching /home/fabian/Qt/6.8.2/gcc_64/lib/pkgconfig/Qt6Concurrent.pc
2026-04-07 07:24:44,222 - aqt.updater - INFO - updater 129168700903552 Patching /home/fabian/Qt/6.8.2/gcc_64/lib/pkgconfig/Qt6Designer.pc
2026-04-07 07:24:44,222 - aqt.updater - INFO - updater 129168700903552 Patching /home/fabian/Qt/6.8.2/gcc_64/lib/pkgconfig/Qt6Gui.pc
2026-04-07 07:24:44,222 - aqt.updater - INFO - updater 129168700903552 Patching /home/fabian/Qt/6.8.2/gcc_64/lib/pkgconfig/Qt6QuickControls2UniversalStyleImpl.pc
2026-04-07 07:24:44,223 - aqt.updater - INFO - updater 129168700903552 Patching /home/fabian/Qt/6.8.2/gcc_64/lib/pkgconfig/Qt6QuickControls2MaterialStyleImpl.pc
2026-04-07 07:24:44,223 - aqt.updater - INFO - updater 129168700903552 Patching /home/fabian/Qt/6.8.2/gcc_64/lib/pkgconfig/Qt6QuickDialogs2Utils.pc
2026-04-07 07:24:44,223 - aqt.updater - INFO - updater 129168700903552 Patching /home/fabian/Qt/6.8.2/gcc_64/lib/pkgconfig/Qt6QuickDialogs2.pc
2026-04-07 07:24:44,224 - aqt.updater - INFO - updater 129168700903552 Patching /home/fabian/Qt/6.8.2/gcc_64/lib/pkgconfig/Qt6QmlCompiler.pc
2026-04-07 07:24:44,224 - aqt.updater - INFO - updater 129168700903552 Patching /home/fabian/Qt/6.8.2/gcc_64/lib/pkgconfig/Qt6QmlCore.pc
2026-04-07 07:24:44,225 - aqt.updater - INFO - updater 129168700903552 Patching /home/fabian/Qt/6.8.2/gcc_64/lib/pkgconfig/Qt6QuickControls2Universal.pc
2026-04-07 07:24:44,225 - aqt.updater - INFO - updater 129168700903552 Patching /home/fabian/Qt/6.8.2/gcc_64/lib/pkgconfig/Qt6Sql.pc
2026-04-07 07:24:44,225 - aqt.updater - INFO - updater 129168700903552 Patching /home/fabian/Qt/6.8.2/gcc_64/lib/pkgconfig/Qt6QuickTest.pc
2026-04-07 07:24:44,226 - aqt.updater - INFO - updater 129168700903552 Patching /home/fabian/Qt/6.8.2/gcc_64/lib/pkgconfig/Qt6OpenGLWidgets.pc
2026-04-07 07:24:44,226 - aqt.updater - INFO - updater 129168700903552 Patching /home/fabian/Qt/6.8.2/gcc_64/lib/pkgconfig/Qt6SvgWidgets.pc
2026-04-07 07:24:44,227 - aqt.updater - INFO - updater 129168700903552 Patching /home/fabian/Qt/6.8.2/gcc_64/lib/libQt6LabsPlatform.prl
2026-04-07 07:24:44,227 - aqt.updater - INFO - updater 129168700903552 Patching /home/fabian/Qt/6.8.2/gcc_64/lib/libQt6QuickLayouts.prl
2026-04-07 07:24:44,228 - aqt.updater - INFO - updater 129168700903552 Patching /home/fabian/Qt/6.8.2/gcc_64/lib/libQt6QuickControls2Material.prl
2026-04-07 07:24:44,228 - aqt.updater - INFO - updater 129168700903552 Patching /home/fabian/Qt/6.8.2/gcc_64/lib/libQt6QuickControls2BasicStyleImpl.prl
2026-04-07 07:24:44,228 - aqt.updater - INFO - updater 129168700903552 Patching /home/fabian/Qt/6.8.2/gcc_64/lib/libQt6QuickControls2Basic.prl
2026-04-07 07:24:44,229 - aqt.updater - INFO - updater 129168700903552 Patching /home/fabian/Qt/6.8.2/gcc_64/lib/libQt6LabsQmlModels.prl
2026-04-07 07:24:44,229 - aqt.updater - INFO - updater 129168700903552 Patching /home/fabian/Qt/6.8.2/gcc_64/lib/libQt6QuickControlsTestUtils.prl
2026-04-07 07:24:44,229 - aqt.updater - INFO - updater 129168700903552 Patching /home/fabian/Qt/6.8.2/gcc_64/lib/libQt6QuickVectorImage.prl
2026-04-07 07:24:44,230 - aqt.updater - INFO - updater 129168700903552 Patching /home/fabian/Qt/6.8.2/gcc_64/lib/libQt6QuickDialogs2QuickImpl.prl
2026-04-07 07:24:44,230 - aqt.updater - INFO - updater 129168700903552 Patching /home/fabian/Qt/6.8.2/gcc_64/lib/libQt6QuickDialogs2.prl
2026-04-07 07:24:44,230 - aqt.updater - INFO - updater 129168700903552 Patching /home/fabian/Qt/6.8.2/gcc_64/lib/libQt6DeviceDiscoverySupport.prl
2026-04-07 07:24:44,231 - aqt.updater - INFO - updater 129168700903552 Patching /home/fabian/Qt/6.8.2/gcc_64/lib/libQt6QuickTestUtils.prl
2026-04-07 07:24:44,231 - aqt.updater - INFO - updater 129168700903552 Patching /home/fabian/Qt/6.8.2/gcc_64/lib/libQt6QmlMeta.prl
2026-04-07 07:24:44,231 - aqt.updater - INFO - updater 129168700903552 Patching /home/fabian/Qt/6.8.2/gcc_64/lib/libQt6QuickEffects.prl
2026-04-07 07:24:44,232 - aqt.updater - INFO - updater 129168700903552 Patching /home/fabian/Qt/6.8.2/gcc_64/lib/libQt6Gui.prl
2026-04-07 07:24:44,232 - aqt.updater - INFO - updater 129168700903552 Patching /home/fabian/Qt/6.8.2/gcc_64/lib/libQt6Xml.prl
2026-04-07 07:24:44,232 - aqt.updater - INFO - updater 129168700903552 Patching /home/fabian/Qt/6.8.2/gcc_64/lib/libQt6LabsSharedImage.prl
2026-04-07 07:24:44,233 - aqt.updater - INFO - updater 129168700903552 Patching /home/fabian/Qt/6.8.2/gcc_64/lib/libQt6Sql.prl
2026-04-07 07:24:44,233 - aqt.updater - INFO - updater 129168700903552 Patching /home/fabian/Qt/6.8.2/gcc_64/lib/libQt6QmlTypeRegistrar.prl
2026-04-07 07:24:44,233 - aqt.updater - INFO - updater 129168700903552 Patching /home/fabian/Qt/6.8.2/gcc_64/lib/libQt6QuickTemplates2.prl
2026-04-07 07:24:44,234 - aqt.updater - INFO - updater 129168700903552 Patching /home/fabian/Qt/6.8.2/gcc_64/lib/libQt6QmlModels.prl
2026-04-07 07:24:44,234 - aqt.updater - INFO - updater 129168700903552 Patching /home/fabian/Qt/6.8.2/gcc_64/lib/libQt6EglFSDeviceIntegration.prl
2026-04-07 07:24:44,235 - aqt.updater - INFO - updater 129168700903552 Patching /home/fabian/Qt/6.8.2/gcc_64/lib/libQt6QuickControls2Universal.prl
2026-04-07 07:24:44,235 - aqt.updater - INFO - updater 129168700903552 Patching /home/fabian/Qt/6.8.2/gcc_64/lib/libQt6QmlAssetDownloader.prl
2026-04-07 07:24:44,235 - aqt.updater - INFO - updater 129168700903552 Patching /home/fabian/Qt/6.8.2/gcc_64/lib/libQt6QuickControls2Imagine.prl
2026-04-07 07:24:44,236 - aqt.updater - INFO - updater 129168700903552 Patching /home/fabian/Qt/6.8.2/gcc_64/lib/libQt6ExamplesAssetDownloader.prl
2026-04-07 07:24:44,236 - aqt.updater - INFO - updater 129168700903552 Patching /home/fabian/Qt/6.8.2/gcc_64/lib/libQt6QuickControls2UniversalStyleImpl.prl
2026-04-07 07:24:44,236 - aqt.updater - INFO - updater 129168700903552 Patching /home/fabian/Qt/6.8.2/gcc_64/lib/libQt6Test.prl
2026-04-07 07:24:44,237 - aqt.updater - INFO - updater 129168700903552 Patching /home/fabian/Qt/6.8.2/gcc_64/lib/libQt6WaylandEglClientHwIntegration.prl
2026-04-07 07:24:44,237 - aqt.updater - INFO - updater 129168700903552 Patching /home/fabian/Qt/6.8.2/gcc_64/lib/libQt6QmlDebug.prl
2026-04-07 07:24:44,237 - aqt.updater - INFO - updater 129168700903552 Patching /home/fabian/Qt/6.8.2/gcc_64/lib/libQt6QuickVectorImageGenerator.prl
2026-04-07 07:24:44,238 - aqt.updater - INFO - updater 129168700903552 Patching /home/fabian/Qt/6.8.2/gcc_64/lib/libQt6QuickControls2.prl
2026-04-07 07:24:44,238 - aqt.updater - INFO - updater 129168700903552 Patching /home/fabian/Qt/6.8.2/gcc_64/lib/libQt6QmlLocalStorage.prl
2026-04-07 07:24:44,238 - aqt.updater - INFO - updater 129168700903552 Patching /home/fabian/Qt/6.8.2/gcc_64/lib/libQt6QuickControls2Impl.prl
2026-04-07 07:24:44,239 - aqt.updater - INFO - updater 129168700903552 Patching /home/fabian/Qt/6.8.2/gcc_64/lib/libQt6OpenGL.prl
2026-04-07 07:24:44,239 - aqt.updater - INFO - updater 129168700903552 Patching /home/fabian/Qt/6.8.2/gcc_64/lib/libQt6QmlToolingSettings.prl
2026-04-07 07:24:44,240 - aqt.updater - INFO - updater 129168700903552 Patching /home/fabian/Qt/6.8.2/gcc_64/lib/libQt6QmlNetwork.prl
2026-04-07 07:24:44,240 - aqt.updater - INFO - updater 129168700903552 Patching /home/fabian/Qt/6.8.2/gcc_64/lib/libQt6SvgWidgets.prl
2026-04-07 07:24:44,241 - aqt.updater - INFO - updater 129168700903552 Patching /home/fabian/Qt/6.8.2/gcc_64/lib/libQt6Core.prl
2026-04-07 07:24:44,241 - aqt.updater - INFO - updater 129168700903552 Patching /home/fabian/Qt/6.8.2/gcc_64/lib/libQt6QuickControls2ImagineStyleImpl.prl
2026-04-07 07:24:44,241 - aqt.updater - INFO - updater 129168700903552 Patching /home/fabian/Qt/6.8.2/gcc_64/lib/libQt6Network.prl
2026-04-07 07:24:44,242 - aqt.updater - INFO - updater 129168700903552 Patching /home/fabian/Qt/6.8.2/gcc_64/lib/libQt6UiTools.prl
2026-04-07 07:24:44,242 - aqt.updater - INFO - updater 129168700903552 Patching /home/fabian/Qt/6.8.2/gcc_64/lib/libQt6KmsSupport.prl
2026-04-07 07:24:44,242 - aqt.updater - INFO - updater 129168700903552 Patching /home/fabian/Qt/6.8.2/gcc_64/lib/libQt6WaylandClient.prl
2026-04-07 07:24:44,243 - aqt.updater - INFO - updater 129168700903552 Patching /home/fabian/Qt/6.8.2/gcc_64/lib/libQt6WlShellIntegration.prl
2026-04-07 07:24:44,243 - aqt.updater - INFO - updater 129168700903552 Patching /home/fabian/Qt/6.8.2/gcc_64/lib/libQt6LabsAnimation.prl
2026-04-07 07:24:44,243 - aqt.updater - INFO - updater 129168700903552 Patching /home/fabian/Qt/6.8.2/gcc_64/lib/libQt6QuickParticles.prl
2026-04-07 07:24:44,244 - aqt.updater - INFO - updater 129168700903552 Patching /home/fabian/Qt/6.8.2/gcc_64/lib/libQt6LabsFolderListModel.prl
2026-04-07 07:24:44,244 - aqt.updater - INFO - updater 129168700903552 Patching /home/fabian/Qt/6.8.2/gcc_64/lib/libQt6QmlCore.prl
2026-04-07 07:24:44,244 - aqt.updater - INFO - updater 129168700903552 Patching /home/fabian/Qt/6.8.2/gcc_64/lib/libQt6PacketProtocol.prl
2026-04-07 07:24:44,245 - aqt.updater - INFO - updater 129168700903552 Patching /home/fabian/Qt/6.8.2/gcc_64/lib/libQt6LabsWavefrontMesh.prl
2026-04-07 07:24:44,246 - aqt.updater - INFO - updater 129168700903552 Patching /home/fabian/Qt/6.8.2/gcc_64/lib/libQt6FbSupport.prl
2026-04-07 07:24:44,246 - aqt.updater - INFO - updater 129168700903552 Patching /home/fabian/Qt/6.8.2/gcc_64/lib/libQt6QuickControls2Fusion.prl
2026-04-07 07:24:44,246 - aqt.updater - INFO - updater 129168700903552 Patching /home/fabian/Qt/6.8.2/gcc_64/lib/libQt6QuickControls2FluentWinUI3StyleImpl.prl
2026-04-07 07:24:44,247 - aqt.updater - INFO - updater 129168700903552 Patching /home/fabian/Qt/6.8.2/gcc_64/lib/libQt6DBus.prl
2026-04-07 07:24:44,247 - aqt.updater - INFO - updater 129168700903552 Patching /home/fabian/Qt/6.8.2/gcc_64/lib/libQt6OpenGLWidgets.prl
2026-04-07 07:24:44,248 - aqt.updater - INFO - updater 129168700903552 Patching /home/fabian/Qt/6.8.2/gcc_64/lib/libQt6QuickShapes.prl
2026-04-07 07:24:44,248 - aqt.updater - INFO - updater 129168700903552 Patching /home/fabian/Qt/6.8.2/gcc_64/lib/libQt6EglFsKmsGbmSupport.prl
2026-04-07 07:24:44,248 - aqt.updater - INFO - updater 129168700903552 Patching /home/fabian/Qt/6.8.2/gcc_64/lib/libQt6Designer.prl
2026-04-07 07:24:44,249 - aqt.updater - INFO - updater 129168700903552 Patching /home/fabian/Qt/6.8.2/gcc_64/lib/libQt6QmlDom.prl
2026-04-07 07:24:44,249 - aqt.updater - INFO - updater 129168700903552 Patching /home/fabian/Qt/6.8.2/gcc_64/lib/libQt6QuickDialogs2Utils.prl
2026-04-07 07:24:44,249 - aqt.updater - INFO - updater 129168700903552 Patching /home/fabian/Qt/6.8.2/gcc_64/lib/libQt6Concurrent.prl
2026-04-07 07:24:44,250 - aqt.updater - INFO - updater 129168700903552 Patching /home/fabian/Qt/6.8.2/gcc_64/lib/libQt6Quick.prl
2026-04-07 07:24:44,250 - aqt.updater - INFO - updater 129168700903552 Patching /home/fabian/Qt/6.8.2/gcc_64/lib/libQt6QmlWorkerScript.prl
2026-04-07 07:24:44,251 - aqt.updater - INFO - updater 129168700903552 Patching /home/fabian/Qt/6.8.2/gcc_64/lib/libQt6QmlXmlListModel.prl
2026-04-07 07:24:44,251 - aqt.updater - INFO - updater 129168700903552 Patching /home/fabian/Qt/6.8.2/gcc_64/lib/libQt6ExampleIcons.prl
2026-04-07 07:24:44,251 - aqt.updater - INFO - updater 129168700903552 Patching /home/fabian/Qt/6.8.2/gcc_64/lib/libQt6PrintSupport.prl
2026-04-07 07:24:44,252 - aqt.updater - INFO - updater 129168700903552 Patching /home/fabian/Qt/6.8.2/gcc_64/lib/libQt6Help.prl
2026-04-07 07:24:44,252 - aqt.updater - INFO - updater 129168700903552 Patching /home/fabian/Qt/6.8.2/gcc_64/lib/libQt6DesignerComponents.prl
2026-04-07 07:24:44,253 - aqt.updater - INFO - updater 129168700903552 Patching /home/fabian/Qt/6.8.2/gcc_64/lib/libQt6QmlCompiler.prl
2026-04-07 07:24:44,253 - aqt.updater - INFO - updater 129168700903552 Patching /home/fabian/Qt/6.8.2/gcc_64/lib/libQt6EglFsKmsSupport.prl
2026-04-07 07:24:44,254 - aqt.updater - INFO - updater 129168700903552 Patching /home/fabian/Qt/6.8.2/gcc_64/lib/libQt6QuickControls2MaterialStyleImpl.prl
2026-04-07 07:24:44,254 - aqt.updater - INFO - updater 129168700903552 Patching /home/fabian/Qt/6.8.2/gcc_64/lib/libQt6InputSupport.prl
2026-04-07 07:24:44,255 - aqt.updater - INFO - updater 129168700903552 Patching /home/fabian/Qt/6.8.2/gcc_64/lib/libQt6XcbQpa.prl
2026-04-07 07:24:44,255 - aqt.updater - INFO - updater 129168700903552 Patching /home/fabian/Qt/6.8.2/gcc_64/lib/libQt6LabsSettings.prl
2026-04-07 07:24:44,255 - aqt.updater - INFO - updater 129168700903552 Patching /home/fabian/Qt/6.8.2/gcc_64/lib/libQt6Svg.prl
2026-04-07 07:24:44,256 - aqt.updater - INFO - updater 129168700903552 Patching /home/fabian/Qt/6.8.2/gcc_64/lib/libQt6QmlLS.prl
2026-04-07 07:24:44,256 - aqt.updater - INFO - updater 129168700903552 Patching /home/fabian/Qt/6.8.2/gcc_64/lib/libQt6QuickWidgets.prl
2026-04-07 07:24:44,257 - aqt.updater - INFO - updater 129168700903552 Patching /home/fabian/Qt/6.8.2/gcc_64/lib/libQt6Qml.prl
2026-04-07 07:24:44,257 - aqt.updater - INFO - updater 129168700903552 Patching /home/fabian/Qt/6.8.2/gcc_64/lib/libQt6QuickTest.prl
2026-04-07 07:24:44,258 - aqt.updater - INFO - updater 129168700903552 Patching /home/fabian/Qt/6.8.2/gcc_64/lib/libQt6Widgets.prl
2026-04-07 07:24:44,258 - aqt.updater - INFO - updater 129168700903552 Patching /home/fabian/Qt/6.8.2/gcc_64/lib/libQt6QuickControls2FusionStyleImpl.prl
2026-04-07 07:24:44,259 - aqt.main - INFO - installer 129168700903552 Finished installation
2026-04-07 07:24:44,259 - aqt.main - INFO - installer 129168700903552 Time elapsed: 22.18294420 second
